[SERVER_NAME_IS_UNDEFINED][2020-11-10 12:48:51.551][INFO ][restartedMain][StartupInfoLogger.java:55] - Starting InfoShopMallManageApplication on DESKTOP-HBE7P88 with PID 12504 (D:\svn\管理端\target\classes started by 吉俊海 in D:\svn\管理端)
[SERVER_NAME_IS_UNDEFINED][2020-11-10 12:48:51.602][INFO ][restartedMain][SpringApplication.java:651] - No active profile set, falling back to default profiles: default
[SERVER_NAME_IS_UNDEFINED][2020-11-10 12:48:51.899][INFO ][restartedMain][DeferredLog.java:225] - The Class-Path manifest attribute in C:\Users\吉俊海\.m2\repository\org\openoffice\juh\4.1.2\juh-4.1.2.jar referenced one or more files that do not exist: file:/C:/Users/%e5%90%89%e4%bf%8a%e6%b5%b7/.m2/repository/org/openoffice/juh/4.1.2/ridl.jar,file:/C:/Users/%e5%90%89%e4%bf%8a%e6%b5%b7/.m2/repository/org/openoffice/juh/4.1.2/jurt.jar,file:/C:/Users/%e5%90%89%e4%bf%8a%e6%b5%b7/.m2/repository/org/openoffice/lib/,file:/C:/Users/%e5%90%89%e4%bf%8a%e6%b5%b7/.m2/repository/org/openoffice/juh/bin/
[SERVER_NAME_IS_UNDEFINED][2020-11-10 12:48:51.908][INFO ][restartedMain][DeferredLog.java:225] - The Class-Path manifest attribute in C:\Users\吉俊海\.m2\repository\org\openoffice\jurt\4.1.2\jurt-4.1.2.jar referenced one or more files that do not exist: file:/C:/Users/%e5%90%89%e4%bf%8a%e6%b5%b7/.m2/repository/org/openoffice/jurt/4.1.2/ridl.jar,file:/C:/Users/%e5%90%89%e4%bf%8a%e6%b5%b7/.m2/repository/org/openoffice/jurt/4.1.2/unoloader.jar,file:/C:/Users/%e5%90%89%e4%bf%8a%e6%b5%b7/.m2/repository/org/openoffice/lib/,file:/C:/Users/%e5%90%89%e4%bf%8a%e6%b5%b7/.m2/repository/org/openoffice/jurt/bin/
[SERVER_NAME_IS_UNDEFINED][2020-11-10 12:48:51.909][INFO ][restartedMain][DeferredLog.java:225] - Devtools property defaults active! Set 'spring.devtools.add-properties' to 'false' to disable
[SERVER_NAME_IS_UNDEFINED][2020-11-10 12:48:51.910][INFO ][restartedMain][DeferredLog.java:225] - For additional web related logging consider setting the 'logging.level.web' property to 'DEBUG'
[SERVER_NAME_IS_UNDEFINED][2020-11-10 12:48:54.398][INFO ][restartedMain][RepositoryConfigurationDelegate.java:249] - Multiple Spring Data modules found, entering strict repository configuration mode!
[SERVER_NAME_IS_UNDEFINED][2020-11-10 12:48:54.405][INFO ][restartedMain][RepositoryConfigurationDelegate.java:127] - Bootstrapping Spring Data Redis repositories in DEFAULT mode.
[SERVER_NAME_IS_UNDEFINED][2020-11-10 12:48:54.614][INFO ][restartedMain][RepositoryConfigurationDelegate.java:187] - Finished Spring Data repository scanning in 153ms. Found 0 Redis repository interfaces.
[SERVER_NAME_IS_UNDEFINED][2020-11-10 12:48:56.703][INFO ][restartedMain][PostProcessorRegistrationDelegate.java:335] - Bean 'mybatis-org.mybatis.spring.boot.autoconfigure.MybatisProperties' of type [org.mybatis.spring.boot.autoconfigure.MybatisProperties] is not eligible for getting processed by all BeanPostProcessors (for example: not eligible for auto-proxying)
[SERVER_NAME_IS_UNDEFINED][2020-11-10 12:48:56.740][INFO ][restartedMain][PostProcessorRegistrationDelegate.java:335] - Bean 'org.mybatis.spring.boot.autoconfigure.MybatisAutoConfiguration' of type [org.mybatis.spring.boot.autoconfigure.MybatisAutoConfiguration$$EnhancerBySpringCGLIB$$47c7c658] is not eligible for getting processed by all BeanPostProcessors (for example: not eligible for auto-proxying)
[SERVER_NAME_IS_UNDEFINED][2020-11-10 12:48:56.798][INFO ][restartedMain][PostProcessorRegistrationDelegate.java:335] - Bean 'com.alibaba.druid.spring.boot.autoconfigure.DruidDataSourceAutoConfigure' of type [com.alibaba.druid.spring.boot.autoconfigure.DruidDataSourceAutoConfigure$$EnhancerBySpringCGLIB$$2e9f6a9a] is not eligible for getting processed by all BeanPostProcessors (for example: not eligible for auto-proxying)
[SERVER_NAME_IS_UNDEFINED][2020-11-10 12:48:56.812][INFO ][restartedMain][DruidDataSourceAutoConfigure.java:56] - Init DruidDataSource
[SERVER_NAME_IS_UNDEFINED][2020-11-10 12:48:57.037][INFO ][restartedMain][PostProcessorRegistrationDelegate.java:335] - Bean 'spring.datasource-org.springframework.boot.autoconfigure.jdbc.DataSourceProperties' of type [org.springframework.boot.autoconfigure.jdbc.DataSourceProperties] is not eligible for getting processed by all BeanPostProcessors (for example: not eligible for auto-proxying)
[SERVER_NAME_IS_UNDEFINED][2020-11-10 12:48:57.053][INFO ][restartedMain][PostProcessorRegistrationDelegate.java:335] - Bean 'com.alibaba.druid.spring.boot.autoconfigure.stat.DruidFilterConfiguration' of type [com.alibaba.druid.spring.boot.autoconfigure.stat.DruidFilterConfiguration] is not eligible for getting processed by all BeanPostProcessors (for example: not eligible for auto-proxying)
[SERVER_NAME_IS_UNDEFINED][2020-11-10 12:48:57.109][INFO ][restartedMain][PostProcessorRegistrationDelegate.java:335] - Bean 'statFilter' of type [com.alibaba.druid.filter.stat.StatFilter] is not eligible for getting processed by all BeanPostProcessors (for example: not eligible for auto-proxying)
[SERVER_NAME_IS_UNDEFINED][2020-11-10 12:48:57.844][INFO ][restartedMain][DruidDataSource.java:1002] - {dataSource-1} inited
[SERVER_NAME_IS_UNDEFINED][2020-11-10 12:48:57.859][INFO ][Druid-ConnectionPool-Create-866155730][DruidAbstractDataSource.java:1743] - {dataSource-1} failContinuous is true
[SERVER_NAME_IS_UNDEFINED][2020-11-10 12:49:48.731][INFO ][restartedMain][StartupInfoLogger.java:55] - Starting InfoShopMallManageApplication on DESKTOP-HBE7P88 with PID 14972 (D:\svn\管理端\target\classes started by 吉俊海 in D:\svn\管理端)
[SERVER_NAME_IS_UNDEFINED][2020-11-10 12:49:48.739][INFO ][restartedMain][SpringApplication.java:651] - No active profile set, falling back to default profiles: default
[SERVER_NAME_IS_UNDEFINED][2020-11-10 12:49:48.962][INFO ][restartedMain][DeferredLog.java:225] - The Class-Path manifest attribute in C:\Users\吉俊海\.m2\repository\org\openoffice\juh\4.1.2\juh-4.1.2.jar referenced one or more files that do not exist: file:/C:/Users/%e5%90%89%e4%bf%8a%e6%b5%b7/.m2/repository/org/openoffice/juh/4.1.2/ridl.jar,file:/C:/Users/%e5%90%89%e4%bf%8a%e6%b5%b7/.m2/repository/org/openoffice/juh/4.1.2/jurt.jar,file:/C:/Users/%e5%90%89%e4%bf%8a%e6%b5%b7/.m2/repository/org/openoffice/lib/,file:/C:/Users/%e5%90%89%e4%bf%8a%e6%b5%b7/.m2/repository/org/openoffice/juh/bin/
[SERVER_NAME_IS_UNDEFINED][2020-11-10 12:49:48.963][INFO ][restartedMain][DeferredLog.java:225] - The Class-Path manifest attribute in C:\Users\吉俊海\.m2\repository\org\openoffice\jurt\4.1.2\jurt-4.1.2.jar referenced one or more files that do not exist: file:/C:/Users/%e5%90%89%e4%bf%8a%e6%b5%b7/.m2/repository/org/openoffice/jurt/4.1.2/ridl.jar,file:/C:/Users/%e5%90%89%e4%bf%8a%e6%b5%b7/.m2/repository/org/openoffice/jurt/4.1.2/unoloader.jar,file:/C:/Users/%e5%90%89%e4%bf%8a%e6%b5%b7/.m2/repository/org/openoffice/lib/,file:/C:/Users/%e5%90%89%e4%bf%8a%e6%b5%b7/.m2/repository/org/openoffice/jurt/bin/
[SERVER_NAME_IS_UNDEFINED][2020-11-10 12:49:48.964][INFO ][restartedMain][DeferredLog.java:225] - Devtools property defaults active! Set 'spring.devtools.add-properties' to 'false' to disable
[SERVER_NAME_IS_UNDEFINED][2020-11-10 12:49:48.965][INFO ][restartedMain][DeferredLog.java:225] - For additional web related logging consider setting the 'logging.level.web' property to 'DEBUG'
[SERVER_NAME_IS_UNDEFINED][2020-11-10 12:49:51.280][INFO ][restartedMain][RepositoryConfigurationDelegate.java:249] - Multiple Spring Data modules found, entering strict repository configuration mode!
[SERVER_NAME_IS_UNDEFINED][2020-11-10 12:49:51.290][INFO ][restartedMain][RepositoryConfigurationDelegate.java:127] - Bootstrapping Spring Data Redis repositories in DEFAULT mode.
[SERVER_NAME_IS_UNDEFINED][2020-11-10 12:49:51.550][INFO ][restartedMain][RepositoryConfigurationDelegate.java:187] - Finished Spring Data repository scanning in 198ms. Found 0 Redis repository interfaces.
[SERVER_NAME_IS_UNDEFINED][2020-11-10 13:25:40.743][INFO ][restartedMain][StartupInfoLogger.java:55] - Starting InfoShopMallManageApplication on DESKTOP-HBE7P88 with PID 12432 (D:\svn\管理端\target\classes started by 吉俊海 in D:\svn\管理端)
[SERVER_NAME_IS_UNDEFINED][2020-11-10 13:25:40.769][INFO ][restartedMain][SpringApplication.java:651] - No active profile set, falling back to default profiles: default
[SERVER_NAME_IS_UNDEFINED][2020-11-10 13:25:40.954][INFO ][restartedMain][DeferredLog.java:225] - The Class-Path manifest attribute in C:\Users\吉俊海\.m2\repository\org\openoffice\juh\4.1.2\juh-4.1.2.jar referenced one or more files that do not exist: file:/C:/Users/%e5%90%89%e4%bf%8a%e6%b5%b7/.m2/repository/org/openoffice/juh/4.1.2/ridl.jar,file:/C:/Users/%e5%90%89%e4%bf%8a%e6%b5%b7/.m2/repository/org/openoffice/juh/4.1.2/jurt.jar,file:/C:/Users/%e5%90%89%e4%bf%8a%e6%b5%b7/.m2/repository/org/openoffice/lib/,file:/C:/Users/%e5%90%89%e4%bf%8a%e6%b5%b7/.m2/repository/org/openoffice/juh/bin/
[SERVER_NAME_IS_UNDEFINED][2020-11-10 13:25:40.955][INFO ][restartedMain][DeferredLog.java:225] - The Class-Path manifest attribute in C:\Users\吉俊海\.m2\repository\org\openoffice\jurt\4.1.2\jurt-4.1.2.jar referenced one or more files that do not exist: file:/C:/Users/%e5%90%89%e4%bf%8a%e6%b5%b7/.m2/repository/org/openoffice/jurt/4.1.2/ridl.jar,file:/C:/Users/%e5%90%89%e4%bf%8a%e6%b5%b7/.m2/repository/org/openoffice/jurt/4.1.2/unoloader.jar,file:/C:/Users/%e5%90%89%e4%bf%8a%e6%b5%b7/.m2/repository/org/openoffice/lib/,file:/C:/Users/%e5%90%89%e4%bf%8a%e6%b5%b7/.m2/repository/org/openoffice/jurt/bin/
[SERVER_NAME_IS_UNDEFINED][2020-11-10 13:25:40.955][INFO ][restartedMain][DeferredLog.java:225] - Devtools property defaults active! Set 'spring.devtools.add-properties' to 'false' to disable
[SERVER_NAME_IS_UNDEFINED][2020-11-10 13:25:40.956][INFO ][restartedMain][DeferredLog.java:225] - For additional web related logging consider setting the 'logging.level.web' property to 'DEBUG'
[SERVER_NAME_IS_UNDEFINED][2020-11-10 13:25:43.335][INFO ][restartedMain][RepositoryConfigurationDelegate.java:249] - Multiple Spring Data modules found, entering strict repository configuration mode!
[SERVER_NAME_IS_UNDEFINED][2020-11-10 13:25:43.344][INFO ][restartedMain][RepositoryConfigurationDelegate.java:127] - Bootstrapping Spring Data Redis repositories in DEFAULT mode.
[SERVER_NAME_IS_UNDEFINED][2020-11-10 13:25:43.582][INFO ][restartedMain][RepositoryConfigurationDelegate.java:187] - Finished Spring Data repository scanning in 185ms. Found 0 Redis repository interfaces.
[SERVER_NAME_IS_UNDEFINED][2020-11-10 13:25:45.031][INFO ][restartedMain][PostProcessorRegistrationDelegate.java:335] - Bean 'mybatis-org.mybatis.spring.boot.autoconfigure.MybatisProperties' of type [org.mybatis.spring.boot.autoconfigure.MybatisProperties] is not eligible for getting processed by all BeanPostProcessors (for example: not eligible for auto-proxying)
[SERVER_NAME_IS_UNDEFINED][2020-11-10 13:25:45.042][INFO ][restartedMain][PostProcessorRegistrationDelegate.java:335] - Bean 'org.mybatis.spring.boot.autoconfigure.MybatisAutoConfiguration' of type [org.mybatis.spring.boot.autoconfigure.MybatisAutoConfiguration$$EnhancerBySpringCGLIB$$601080af] is not eligible for getting processed by all BeanPostProcessors (for example: not eligible for auto-proxying)
[SERVER_NAME_IS_UNDEFINED][2020-11-10 13:25:45.050][INFO ][restartedMain][PostProcessorRegistrationDelegate.java:335] - Bean 'com.alibaba.druid.spring.boot.autoconfigure.DruidDataSourceAutoConfigure' of type [com.alibaba.druid.spring.boot.autoconfigure.DruidDataSourceAutoConfigure$$EnhancerBySpringCGLIB$$46e824f1] is not eligible for getting processed by all BeanPostProcessors (for example: not eligible for auto-proxying)
[SERVER_NAME_IS_UNDEFINED][2020-11-10 13:25:45.057][INFO ][restartedMain][DruidDataSourceAutoConfigure.java:56] - Init DruidDataSource
[SERVER_NAME_IS_UNDEFINED][2020-11-10 13:25:45.231][INFO ][restartedMain][PostProcessorRegistrationDelegate.java:335] - Bean 'spring.datasource-org.springframework.boot.autoconfigure.jdbc.DataSourceProperties' of type [org.springframework.boot.autoconfigure.jdbc.DataSourceProperties] is not eligible for getting processed by all BeanPostProcessors (for example: not eligible for auto-proxying)
[SERVER_NAME_IS_UNDEFINED][2020-11-10 13:25:45.243][INFO ][restartedMain][PostProcessorRegistrationDelegate.java:335] - Bean 'com.alibaba.druid.spring.boot.autoconfigure.stat.DruidFilterConfiguration' of type [com.alibaba.druid.spring.boot.autoconfigure.stat.DruidFilterConfiguration] is not eligible for getting processed by all BeanPostProcessors (for example: not eligible for auto-proxying)
[SERVER_NAME_IS_UNDEFINED][2020-11-10 13:25:45.287][INFO ][restartedMain][PostProcessorRegistrationDelegate.java:335] - Bean 'statFilter' of type [com.alibaba.druid.filter.stat.StatFilter] is not eligible for getting processed by all BeanPostProcessors (for example: not eligible for auto-proxying)
[SERVER_NAME_IS_UNDEFINED][2020-11-10 13:25:48.727][INFO ][restartedMain][DruidDataSource.java:1002] - {dataSource-1} inited
[SERVER_NAME_IS_UNDEFINED][2020-11-10 13:25:48.728][INFO ][restartedMain][PostProcessorRegistrationDelegate.java:335] - Bean 'dataSource' of type [com.alibaba.druid.spring.boot.autoconfigure.DruidDataSourceWrapper] is not eligible for getting processed by all BeanPostProcessors (for example: not eligible for auto-proxying)
[SERVER_NAME_IS_UNDEFINED][2020-11-10 13:25:48.781][INFO ][restartedMain][PostProcessorRegistrationDelegate.java:335] - Bean 'org.springframework.boot.autoconfigure.jdbc.DataSourceInitializerInvoker' of type [org.springframework.boot.autoconfigure.jdbc.DataSourceInitializerInvoker] is not eligible for getting processed by all BeanPostProcessors (for example: not eligible for auto-proxying)
[SERVER_NAME_IS_UNDEFINED][2020-11-10 13:25:50.637][INFO ][restartedMain][PostProcessorRegistrationDelegate.java:335] - Bean 'sqlSessionFactory' of type [org.apache.ibatis.session.defaults.DefaultSqlSessionFactory] is not eligible for getting processed by all BeanPostProcessors (for example: not eligible for auto-proxying)
[SERVER_NAME_IS_UNDEFINED][2020-11-10 13:25:50.657][INFO ][restartedMain][PostProcessorRegistrationDelegate.java:335] - Bean 'sqlSessionTemplate' of type [org.mybatis.spring.SqlSessionTemplate] is not eligible for getting processed by all BeanPostProcessors (for example: not eligible for auto-proxying)
[SERVER_NAME_IS_UNDEFINED][2020-11-10 13:25:50.663][INFO ][restartedMain][PostProcessorRegistrationDelegate.java:335] - Bean 'permissionMapper' of type [org.mybatis.spring.mapper.MapperFactoryBean] is not eligible for getting processed by all BeanPostProcessors (for example: not eligible for auto-proxying)
[SERVER_NAME_IS_UNDEFINED][2020-11-10 13:25:50.670][INFO ][restartedMain][PostProcessorRegistrationDelegate.java:335] - Bean 'permissionMapper' of type [com.sun.proxy.$Proxy65] is not eligible for getting processed by all BeanPostProcessors (for example: not eligible for auto-proxying)
[SERVER_NAME_IS_UNDEFINED][2020-11-10 13:25:50.674][INFO ][restartedMain][PostProcessorRegistrationDelegate.java:335] - Bean 'shiroService' of type [com.wanjia.infoshopmallmanage.shiro.ShiroService] is not eligible for getting processed by all BeanPostProcessors (for example: not eligible for auto-proxying)
[SERVER_NAME_IS_UNDEFINED][2020-11-10 13:25:50.677][INFO ][restartedMain][PostProcessorRegistrationDelegate.java:335] - Bean 'shiroConfig' of type [com.wanjia.infoshopmallmanage.config.ShiroConfig$$EnhancerBySpringCGLIB$$d66f4b9] is not eligible for getting processed by all BeanPostProcessors (for example: not eligible for auto-proxying)
[SERVER_NAME_IS_UNDEFINED][2020-11-10 13:25:54.542][INFO ][restartedMain][PostProcessorRegistrationDelegate.java:335] - Bean 'roleMapper' of type [org.mybatis.spring.mapper.MapperFactoryBean] is not eligible for getting processed by all BeanPostProcessors (for example: not eligible for auto-proxying)
[SERVER_NAME_IS_UNDEFINED][2020-11-10 13:25:54.548][INFO ][restartedMain][PostProcessorRegistrationDelegate.java:335] - Bean 'roleMapper' of type [com.sun.proxy.$Proxy66] is not eligible for getting processed by all BeanPostProcessors (for example: not eligible for auto-proxying)
[SERVER_NAME_IS_UNDEFINED][2020-11-10 13:25:54.563][INFO ][restartedMain][PostProcessorRegistrationDelegate.java:335] - Bean 'rolePermissionMapper' of type [org.mybatis.spring.mapper.MapperFactoryBean] is not eligible for getting processed by all BeanPostProcessors (for example: not eligible for auto-proxying)
[SERVER_NAME_IS_UNDEFINED][2020-11-10 13:25:54.566][INFO ][restartedMain][PostProcessorRegistrationDelegate.java:335] - Bean 'rolePermissionMapper' of type [com.sun.proxy.$Proxy67] is not eligible for getting processed by all BeanPostProcessors (for example: not eligible for auto-proxying)
[SERVER_NAME_IS_UNDEFINED][2020-11-10 13:25:54.574][INFO ][restartedMain][PostProcessorRegistrationDelegate.java:335] - Bean 'adminMapper' of type [org.mybatis.spring.mapper.MapperFactoryBean] is not eligible for getting processed by all BeanPostProcessors (for example: not eligible for auto-proxying)
[SERVER_NAME_IS_UNDEFINED][2020-11-10 13:25:54.578][INFO ][restartedMain][PostProcessorRegistrationDelegate.java:335] - Bean 'adminMapper' of type [com.sun.proxy.$Proxy68] is not eligible for getting processed by all BeanPostProcessors (for example: not eligible for auto-proxying)
[SERVER_NAME_IS_UNDEFINED][2020-11-10 13:25:54.586][INFO ][restartedMain][PostProcessorRegistrationDelegate.java:335] - Bean 'adminRoleMapper' of type [org.mybatis.spring.mapper.MapperFactoryBean] is not eligible for getting processed by all BeanPostProcessors (for example: not eligible for auto-proxying)
[SERVER_NAME_IS_UNDEFINED][2020-11-10 13:25:54.589][INFO ][restartedMain][PostProcessorRegistrationDelegate.java:335] - Bean 'adminRoleMapper' of type [com.sun.proxy.$Proxy69] is not eligible for getting processed by all BeanPostProcessors (for example: not eligible for auto-proxying)
[SERVER_NAME_IS_UNDEFINED][2020-11-10 13:25:54.594][INFO ][restartedMain][PostProcessorRegistrationDelegate.java:335] - Bean 'permissionService' of type [com.wanjia.infoshopmallmanage.service.PermissionService] is not eligible for getting processed by all BeanPostProcessors (for example: not eligible for auto-proxying)
[SERVER_NAME_IS_UNDEFINED][2020-11-10 13:25:54.600][INFO ][restartedMain][PostProcessorRegistrationDelegate.java:335] - Bean 'realm' of type [com.wanjia.infoshopmallmanage.shiro.CustomRealm] is not eligible for getting processed by all BeanPostProcessors (for example: not eligible for auto-proxying)
[SERVER_NAME_IS_UNDEFINED][2020-11-10 13:25:54.607][INFO ][restartedMain][PostProcessorRegistrationDelegate.java:335] - Bean 'securityManager' of type [org.apache.shiro.web.mgt.DefaultWebSecurityManager] is not eligible for getting processed by all BeanPostProcessors (for example: not eligible for auto-proxying)
[SERVER_NAME_IS_UNDEFINED][2020-11-10 13:25:54.654][INFO ][restartedMain][PostProcessorRegistrationDelegate.java:335] - Bean 'authorizationAttributeSourceAdvisor' of type [org.apache.shiro.spring.security.interceptor.AuthorizationAttributeSourceAdvisor] is not eligible for getting processed by all BeanPostProcessors (for example: not eligible for auto-proxying)
[SERVER_NAME_IS_UNDEFINED][2020-11-10 13:25:56.090][INFO ][restartedMain][TomcatWebServer.java:108] - Tomcat initialized with port(s): 8889 (http)
[SERVER_NAME_IS_UNDEFINED][2020-11-10 13:25:56.121][INFO ][restartedMain][DirectJDKLog.java:173] - Initializing ProtocolHandler ["http-nio-8889"]
[SERVER_NAME_IS_UNDEFINED][2020-11-10 13:25:56.123][INFO ][restartedMain][DirectJDKLog.java:173] - Starting service [Tomcat]
[SERVER_NAME_IS_UNDEFINED][2020-11-10 13:25:56.124][INFO ][restartedMain][DirectJDKLog.java:173] - Starting Servlet engine: [Apache Tomcat/9.0.38]
[SERVER_NAME_IS_UNDEFINED][2020-11-10 13:25:56.537][INFO ][restartedMain][DirectJDKLog.java:173] - Initializing Spring embedded WebApplicationContext
[SERVER_NAME_IS_UNDEFINED][2020-11-10 13:25:56.538][INFO ][restartedMain][ServletWebServerApplicationContext.java:285] - Root WebApplicationContext: initialization completed in 15582 ms
[SERVER_NAME_IS_UNDEFINED][2020-11-10 13:26:00.269][INFO ][restartedMain][ExecutorConfigurationSupport.java:181] - Initializing ExecutorService 'taskScheduler'
[SERVER_NAME_IS_UNDEFINED][2020-11-10 13:26:00.444][INFO ][restartedMain][OptionalLiveReloadServer.java:58] - LiveReload server is running on port 35729
[SERVER_NAME_IS_UNDEFINED][2020-11-10 13:26:00.499][INFO ][restartedMain][DirectJDKLog.java:173] - Starting ProtocolHandler ["http-nio-8889"]
[SERVER_NAME_IS_UNDEFINED][2020-11-10 13:26:00.596][INFO ][restartedMain][TomcatWebServer.java:220] - Tomcat started on port(s): 8889 (http) with context path '/InfoShopMallManage'
[SERVER_NAME_IS_UNDEFINED][2020-11-10 13:26:00.641][INFO ][restartedMain][StartupInfoLogger.java:61] - Started InfoShopMallManageApplication in 21.072 seconds (JVM running for 22.496)
[SERVER_NAME_IS_UNDEFINED][2020-11-10 13:27:39.444][INFO ][http-nio-8889-exec-1][DirectJDKLog.java:173] - Initializing Spring DispatcherServlet 'dispatcherServlet'
[SERVER_NAME_IS_UNDEFINED][2020-11-10 13:27:39.444][INFO ][http-nio-8889-exec-1][FrameworkServlet.java:525] - Initializing Servlet 'dispatcherServlet'
[SERVER_NAME_IS_UNDEFINED][2020-11-10 13:27:39.468][INFO ][http-nio-8889-exec-1][FrameworkServlet.java:547] - Completed initialization in 24 ms
[SERVER_NAME_IS_UNDEFINED][2020-11-10 13:31:54.265][INFO ][http-nio-8889-exec-6][JPushService.java:137] - pushPayload={"platform":["android"],"audience":"all","notification":{"android":{"alert":"标题","extras":{"androidNotification extras key":"1"},"title":"标题"}},"message":{"title":"这是一条预警信息经度：106.54维度：29.59","msg_content":"1","extras":{"message extras key":"1"}},"options":{"sendno":1,"time_to_live":86400,"apns_production":false}}
[SERVER_NAME_IS_UNDEFINED][2020-11-10 13:31:54.893][INFO ][http-nio-8889-exec-6][JPushService.java:141] - {"msg_id":67554092291079298,"sendno":1,"statusCode":0}
[SERVER_NAME_IS_UNDEFINED][2020-11-10 13:31:54.894][INFO ][http-nio-8889-exec-6][JPushService.java:143] - push successful, pushPayload={"platform":["android"],"audience":"all","notification":{"android":{"alert":"标题","extras":{"androidNotification extras key":"1"},"title":"标题"}},"message":{"title":"这是一条预警信息经度：106.54维度：29.59","msg_content":"1","extras":{"message extras key":"1"}},"options":{"sendno":1,"time_to_live":86400,"apns_production":false}}
[SERVER_NAME_IS_UNDEFINED][2020-11-10 13:41:29.305][INFO ][http-nio-8889-exec-10][FileuploadUtil.java:262] -  >>> 文件上传入口... <<< 
[SERVER_NAME_IS_UNDEFINED][2020-11-10 13:41:29.306][INFO ][http-nio-8889-exec-10][FileuploadUtil.java:287] -  >>> 文件上传结束... <<< 
[SERVER_NAME_IS_UNDEFINED][2020-11-10 13:50:03.491][INFO ][http-nio-8889-exec-2][FileuploadUtil.java:262] -  >>> 文件上传入口... <<< 
[SERVER_NAME_IS_UNDEFINED][2020-11-10 13:52:22.229][INFO ][Thread-6][ExecutorConfigurationSupport.java:218] - Shutting down ExecutorService 'taskScheduler'
[SERVER_NAME_IS_UNDEFINED][2020-11-10 13:52:22.323][INFO ][Thread-6][DruidDataSource.java:1885] - {dataSource-1} closing ...
[SERVER_NAME_IS_UNDEFINED][2020-11-10 13:52:22.327][INFO ][Thread-6][DruidDataSource.java:1955] - {dataSource-1} closed
[SERVER_NAME_IS_UNDEFINED][2020-11-10 13:52:22.793][INFO ][restartedMain][StartupInfoLogger.java:55] - Starting InfoShopMallManageApplication on DESKTOP-HBE7P88 with PID 12432 (D:\svn\管理端\target\classes started by 吉俊海 in D:\svn\管理端)
[SERVER_NAME_IS_UNDEFINED][2020-11-10 13:52:22.797][INFO ][restartedMain][SpringApplication.java:651] - No active profile set, falling back to default profiles: default
[SERVER_NAME_IS_UNDEFINED][2020-11-10 13:52:23.827][INFO ][restartedMain][RepositoryConfigurationDelegate.java:249] - Multiple Spring Data modules found, entering strict repository configuration mode!
[SERVER_NAME_IS_UNDEFINED][2020-11-10 13:52:23.827][INFO ][restartedMain][RepositoryConfigurationDelegate.java:127] - Bootstrapping Spring Data Redis repositories in DEFAULT mode.
[SERVER_NAME_IS_UNDEFINED][2020-11-10 13:52:23.968][INFO ][restartedMain][RepositoryConfigurationDelegate.java:187] - Finished Spring Data repository scanning in 138ms. Found 0 Redis repository interfaces.
[SERVER_NAME_IS_UNDEFINED][2020-11-10 13:52:24.279][INFO ][restartedMain][PostProcessorRegistrationDelegate.java:335] - Bean 'mybatis-org.mybatis.spring.boot.autoconfigure.MybatisProperties' of type [org.mybatis.spring.boot.autoconfigure.MybatisProperties] is not eligible for getting processed by all BeanPostProcessors (for example: not eligible for auto-proxying)
[SERVER_NAME_IS_UNDEFINED][2020-11-10 13:52:24.289][INFO ][restartedMain][PostProcessorRegistrationDelegate.java:335] - Bean 'org.mybatis.spring.boot.autoconfigure.MybatisAutoConfiguration' of type [org.mybatis.spring.boot.autoconfigure.MybatisAutoConfiguration$$EnhancerBySpringCGLIB$$601080af] is not eligible for getting processed by all BeanPostProcessors (for example: not eligible for auto-proxying)
[SERVER_NAME_IS_UNDEFINED][2020-11-10 13:52:24.297][INFO ][restartedMain][PostProcessorRegistrationDelegate.java:335] - Bean 'com.alibaba.druid.spring.boot.autoconfigure.DruidDataSourceAutoConfigure' of type [com.alibaba.druid.spring.boot.autoconfigure.DruidDataSourceAutoConfigure$$EnhancerBySpringCGLIB$$46e824f1] is not eligible for getting processed by all BeanPostProcessors (for example: not eligible for auto-proxying)
[SERVER_NAME_IS_UNDEFINED][2020-11-10 13:52:24.300][INFO ][restartedMain][DruidDataSourceAutoConfigure.java:56] - Init DruidDataSource
[SERVER_NAME_IS_UNDEFINED][2020-11-10 13:52:24.318][INFO ][restartedMain][PostProcessorRegistrationDelegate.java:335] - Bean 'spring.datasource-org.springframework.boot.autoconfigure.jdbc.DataSourceProperties' of type [org.springframework.boot.autoconfigure.jdbc.DataSourceProperties] is not eligible for getting processed by all BeanPostProcessors (for example: not eligible for auto-proxying)
[SERVER_NAME_IS_UNDEFINED][2020-11-10 13:52:24.325][INFO ][restartedMain][PostProcessorRegistrationDelegate.java:335] - Bean 'com.alibaba.druid.spring.boot.autoconfigure.stat.DruidFilterConfiguration' of type [com.alibaba.druid.spring.boot.autoconfigure.stat.DruidFilterConfiguration] is not eligible for getting processed by all BeanPostProcessors (for example: not eligible for auto-proxying)
[SERVER_NAME_IS_UNDEFINED][2020-11-10 13:52:24.334][INFO ][restartedMain][PostProcessorRegistrationDelegate.java:335] - Bean 'statFilter' of type [com.alibaba.druid.filter.stat.StatFilter] is not eligible for getting processed by all BeanPostProcessors (for example: not eligible for auto-proxying)
[SERVER_NAME_IS_UNDEFINED][2020-11-10 13:52:26.677][INFO ][restartedMain][DruidDataSource.java:1002] - {dataSource-2} inited
[SERVER_NAME_IS_UNDEFINED][2020-11-10 13:52:26.678][INFO ][restartedMain][PostProcessorRegistrationDelegate.java:335] - Bean 'dataSource' of type [com.alibaba.druid.spring.boot.autoconfigure.DruidDataSourceWrapper] is not eligible for getting processed by all BeanPostProcessors (for example: not eligible for auto-proxying)
[SERVER_NAME_IS_UNDEFINED][2020-11-10 13:52:26.694][INFO ][restartedMain][PostProcessorRegistrationDelegate.java:335] - Bean 'org.springframework.boot.autoconfigure.jdbc.DataSourceInitializerInvoker' of type [org.springframework.boot.autoconfigure.jdbc.DataSourceInitializerInvoker] is not eligible for getting processed by all BeanPostProcessors (for example: not eligible for auto-proxying)
[SERVER_NAME_IS_UNDEFINED][2020-11-10 13:52:27.446][INFO ][restartedMain][PostProcessorRegistrationDelegate.java:335] - Bean 'sqlSessionFactory' of type [org.apache.ibatis.session.defaults.DefaultSqlSessionFactory] is not eligible for getting processed by all BeanPostProcessors (for example: not eligible for auto-proxying)
[SERVER_NAME_IS_UNDEFINED][2020-11-10 13:52:27.454][INFO ][restartedMain][PostProcessorRegistrationDelegate.java:335] - Bean 'sqlSessionTemplate' of type [org.mybatis.spring.SqlSessionTemplate] is not eligible for getting processed by all BeanPostProcessors (for example: not eligible for auto-proxying)
[SERVER_NAME_IS_UNDEFINED][2020-11-10 13:52:27.457][INFO ][restartedMain][PostProcessorRegistrationDelegate.java:335] - Bean 'permissionMapper' of type [org.mybatis.spring.mapper.MapperFactoryBean] is not eligible for getting processed by all BeanPostProcessors (for example: not eligible for auto-proxying)
[SERVER_NAME_IS_UNDEFINED][2020-11-10 13:52:27.462][INFO ][restartedMain][PostProcessorRegistrationDelegate.java:335] - Bean 'permissionMapper' of type [com.sun.proxy.$Proxy124] is not eligible for getting processed by all BeanPostProcessors (for example: not eligible for auto-proxying)
[SERVER_NAME_IS_UNDEFINED][2020-11-10 13:52:27.465][INFO ][restartedMain][PostProcessorRegistrationDelegate.java:335] - Bean 'shiroService' of type [com.wanjia.infoshopmallmanage.shiro.ShiroService] is not eligible for getting processed by all BeanPostProcessors (for example: not eligible for auto-proxying)
[SERVER_NAME_IS_UNDEFINED][2020-11-10 13:52:27.468][INFO ][restartedMain][PostProcessorRegistrationDelegate.java:335] - Bean 'shiroConfig' of type [com.wanjia.infoshopmallmanage.config.ShiroConfig$$EnhancerBySpringCGLIB$$d66f4b9] is not eligible for getting processed by all BeanPostProcessors (for example: not eligible for auto-proxying)
[SERVER_NAME_IS_UNDEFINED][2020-11-10 13:52:27.495][INFO ][restartedMain][PostProcessorRegistrationDelegate.java:335] - Bean 'roleMapper' of type [org.mybatis.spring.mapper.MapperFactoryBean] is not eligible for getting processed by all BeanPostProcessors (for example: not eligible for auto-proxying)
[SERVER_NAME_IS_UNDEFINED][2020-11-10 13:52:27.498][INFO ][restartedMain][PostProcessorRegistrationDelegate.java:335] - Bean 'roleMapper' of type [com.sun.proxy.$Proxy125] is not eligible for getting processed by all BeanPostProcessors (for example: not eligible for auto-proxying)
[SERVER_NAME_IS_UNDEFINED][2020-11-10 13:52:27.514][INFO ][restartedMain][PostProcessorRegistrationDelegate.java:335] - Bean 'rolePermissionMapper' of type [org.mybatis.spring.mapper.MapperFactoryBean] is not eligible for getting processed by all BeanPostProcessors (for example: not eligible for auto-proxying)
[SERVER_NAME_IS_UNDEFINED][2020-11-10 13:52:27.518][INFO ][restartedMain][PostProcessorRegistrationDelegate.java:335] - Bean 'rolePermissionMapper' of type [com.sun.proxy.$Proxy126] is not eligible for getting processed by all BeanPostProcessors (for example: not eligible for auto-proxying)
[SERVER_NAME_IS_UNDEFINED][2020-11-10 13:52:27.529][INFO ][restartedMain][PostProcessorRegistrationDelegate.java:335] - Bean 'adminMapper' of type [org.mybatis.spring.mapper.MapperFactoryBean] is not eligible for getting processed by all BeanPostProcessors (for example: not eligible for auto-proxying)
[SERVER_NAME_IS_UNDEFINED][2020-11-10 13:52:27.533][INFO ][restartedMain][PostProcessorRegistrationDelegate.java:335] - Bean 'adminMapper' of type [com.sun.proxy.$Proxy127] is not eligible for getting processed by all BeanPostProcessors (for example: not eligible for auto-proxying)
[SERVER_NAME_IS_UNDEFINED][2020-11-10 13:52:27.545][INFO ][restartedMain][PostProcessorRegistrationDelegate.java:335] - Bean 'adminRoleMapper' of type [org.mybatis.spring.mapper.MapperFactoryBean] is not eligible for getting processed by all BeanPostProcessors (for example: not eligible for auto-proxying)
[SERVER_NAME_IS_UNDEFINED][2020-11-10 13:52:27.548][INFO ][restartedMain][PostProcessorRegistrationDelegate.java:335] - Bean 'adminRoleMapper' of type [com.sun.proxy.$Proxy128] is not eligible for getting processed by all BeanPostProcessors (for example: not eligible for auto-proxying)
[SERVER_NAME_IS_UNDEFINED][2020-11-10 13:52:27.552][INFO ][restartedMain][PostProcessorRegistrationDelegate.java:335] - Bean 'permissionService' of type [com.wanjia.infoshopmallmanage.service.PermissionService] is not eligible for getting processed by all BeanPostProcessors (for example: not eligible for auto-proxying)
[SERVER_NAME_IS_UNDEFINED][2020-11-10 13:52:27.559][INFO ][restartedMain][PostProcessorRegistrationDelegate.java:335] - Bean 'realm' of type [com.wanjia.infoshopmallmanage.shiro.CustomRealm] is not eligible for getting processed by all BeanPostProcessors (for example: not eligible for auto-proxying)
[SERVER_NAME_IS_UNDEFINED][2020-11-10 13:52:27.564][INFO ][restartedMain][PostProcessorRegistrationDelegate.java:335] - Bean 'securityManager' of type [org.apache.shiro.web.mgt.DefaultWebSecurityManager] is not eligible for getting processed by all BeanPostProcessors (for example: not eligible for auto-proxying)
[SERVER_NAME_IS_UNDEFINED][2020-11-10 13:52:27.571][INFO ][restartedMain][PostProcessorRegistrationDelegate.java:335] - Bean 'authorizationAttributeSourceAdvisor' of type [org.apache.shiro.spring.security.interceptor.AuthorizationAttributeSourceAdvisor] is not eligible for getting processed by all BeanPostProcessors (for example: not eligible for auto-proxying)
[SERVER_NAME_IS_UNDEFINED][2020-11-10 13:52:28.085][INFO ][restartedMain][TomcatWebServer.java:108] - Tomcat initialized with port(s): 8889 (http)
[SERVER_NAME_IS_UNDEFINED][2020-11-10 13:52:28.093][INFO ][restartedMain][DirectJDKLog.java:173] - Initializing ProtocolHandler ["http-nio-8889"]
[SERVER_NAME_IS_UNDEFINED][2020-11-10 13:52:28.098][INFO ][restartedMain][DirectJDKLog.java:173] - Starting service [Tomcat]
[SERVER_NAME_IS_UNDEFINED][2020-11-10 13:52:28.100][INFO ][restartedMain][DirectJDKLog.java:173] - Starting Servlet engine: [Apache Tomcat/9.0.38]
[SERVER_NAME_IS_UNDEFINED][2020-11-10 13:52:28.271][INFO ][restartedMain][DirectJDKLog.java:173] - Initializing Spring embedded WebApplicationContext
[SERVER_NAME_IS_UNDEFINED][2020-11-10 13:52:28.272][INFO ][restartedMain][ServletWebServerApplicationContext.java:285] - Root WebApplicationContext: initialization completed in 5457 ms
[SERVER_NAME_IS_UNDEFINED][2020-11-10 13:52:29.641][INFO ][restartedMain][ExecutorConfigurationSupport.java:181] - Initializing ExecutorService 'taskScheduler'
[SERVER_NAME_IS_UNDEFINED][2020-11-10 13:52:29.780][INFO ][restartedMain][OptionalLiveReloadServer.java:58] - LiveReload server is running on port 35729
[SERVER_NAME_IS_UNDEFINED][2020-11-10 13:52:29.815][INFO ][restartedMain][DirectJDKLog.java:173] - Starting ProtocolHandler ["http-nio-8889"]
[SERVER_NAME_IS_UNDEFINED][2020-11-10 13:52:29.821][INFO ][restartedMain][TomcatWebServer.java:220] - Tomcat started on port(s): 8889 (http) with context path '/InfoShopMallManage'
[SERVER_NAME_IS_UNDEFINED][2020-11-10 13:52:29.835][INFO ][restartedMain][StartupInfoLogger.java:61] - Started InfoShopMallManageApplication in 7.253 seconds (JVM running for 1611.69)
[SERVER_NAME_IS_UNDEFINED][2020-11-10 13:52:29.839][INFO ][restartedMain][ConditionEvaluationDeltaLoggingListener.java:63] - Condition evaluation unchanged
[SERVER_NAME_IS_UNDEFINED][2020-11-10 13:52:35.350][INFO ][Thread-9][ExecutorConfigurationSupport.java:218] - Shutting down ExecutorService 'taskScheduler'
[SERVER_NAME_IS_UNDEFINED][2020-11-10 13:52:35.361][INFO ][Thread-9][DruidDataSource.java:1885] - {dataSource-2} closing ...
[SERVER_NAME_IS_UNDEFINED][2020-11-10 13:52:35.368][INFO ][Thread-9][DruidDataSource.java:1955] - {dataSource-2} closed
[SERVER_NAME_IS_UNDEFINED][2020-11-10 13:52:35.847][INFO ][restartedMain][StartupInfoLogger.java:55] - Starting InfoShopMallManageApplication on DESKTOP-HBE7P88 with PID 12432 (D:\svn\管理端\target\classes started by 吉俊海 in D:\svn\管理端)
[SERVER_NAME_IS_UNDEFINED][2020-11-10 13:52:35.850][INFO ][restartedMain][SpringApplication.java:651] - No active profile set, falling back to default profiles: default
[SERVER_NAME_IS_UNDEFINED][2020-11-10 13:52:36.847][INFO ][restartedMain][RepositoryConfigurationDelegate.java:249] - Multiple Spring Data modules found, entering strict repository configuration mode!
[SERVER_NAME_IS_UNDEFINED][2020-11-10 13:52:36.847][INFO ][restartedMain][RepositoryConfigurationDelegate.java:127] - Bootstrapping Spring Data Redis repositories in DEFAULT mode.
[SERVER_NAME_IS_UNDEFINED][2020-11-10 13:52:36.945][INFO ][restartedMain][RepositoryConfigurationDelegate.java:187] - Finished Spring Data repository scanning in 95ms. Found 0 Redis repository interfaces.
[SERVER_NAME_IS_UNDEFINED][2020-11-10 13:52:37.173][INFO ][restartedMain][PostProcessorRegistrationDelegate.java:335] - Bean 'mybatis-org.mybatis.spring.boot.autoconfigure.MybatisProperties' of type [org.mybatis.spring.boot.autoconfigure.MybatisProperties] is not eligible for getting processed by all BeanPostProcessors (for example: not eligible for auto-proxying)
[SERVER_NAME_IS_UNDEFINED][2020-11-10 13:52:37.179][INFO ][restartedMain][PostProcessorRegistrationDelegate.java:335] - Bean 'org.mybatis.spring.boot.autoconfigure.MybatisAutoConfiguration' of type [org.mybatis.spring.boot.autoconfigure.MybatisAutoConfiguration$$EnhancerBySpringCGLIB$$601080af] is not eligible for getting processed by all BeanPostProcessors (for example: not eligible for auto-proxying)
[SERVER_NAME_IS_UNDEFINED][2020-11-10 13:52:37.185][INFO ][restartedMain][PostProcessorRegistrationDelegate.java:335] - Bean 'com.alibaba.druid.spring.boot.autoconfigure.DruidDataSourceAutoConfigure' of type [com.alibaba.druid.spring.boot.autoconfigure.DruidDataSourceAutoConfigure$$EnhancerBySpringCGLIB$$46e824f1] is not eligible for getting processed by all BeanPostProcessors (for example: not eligible for auto-proxying)
[SERVER_NAME_IS_UNDEFINED][2020-11-10 13:52:37.186][INFO ][restartedMain][DruidDataSourceAutoConfigure.java:56] - Init DruidDataSource
[SERVER_NAME_IS_UNDEFINED][2020-11-10 13:52:37.199][INFO ][restartedMain][PostProcessorRegistrationDelegate.java:335] - Bean 'spring.datasource-org.springframework.boot.autoconfigure.jdbc.DataSourceProperties' of type [org.springframework.boot.autoconfigure.jdbc.DataSourceProperties] is not eligible for getting processed by all BeanPostProcessors (for example: not eligible for auto-proxying)
[SERVER_NAME_IS_UNDEFINED][2020-11-10 13:52:37.205][INFO ][restartedMain][PostProcessorRegistrationDelegate.java:335] - Bean 'com.alibaba.druid.spring.boot.autoconfigure.stat.DruidFilterConfiguration' of type [com.alibaba.druid.spring.boot.autoconfigure.stat.DruidFilterConfiguration] is not eligible for getting processed by all BeanPostProcessors (for example: not eligible for auto-proxying)
[SERVER_NAME_IS_UNDEFINED][2020-11-10 13:52:37.212][INFO ][restartedMain][PostProcessorRegistrationDelegate.java:335] - Bean 'statFilter' of type [com.alibaba.druid.filter.stat.StatFilter] is not eligible for getting processed by all BeanPostProcessors (for example: not eligible for auto-proxying)
[SERVER_NAME_IS_UNDEFINED][2020-11-10 13:52:39.586][INFO ][restartedMain][DruidDataSource.java:1002] - {dataSource-3} inited
[SERVER_NAME_IS_UNDEFINED][2020-11-10 13:52:39.587][INFO ][restartedMain][PostProcessorRegistrationDelegate.java:335] - Bean 'dataSource' of type [com.alibaba.druid.spring.boot.autoconfigure.DruidDataSourceWrapper] is not eligible for getting processed by all BeanPostProcessors (for example: not eligible for auto-proxying)
[SERVER_NAME_IS_UNDEFINED][2020-11-10 13:52:39.610][INFO ][restartedMain][PostProcessorRegistrationDelegate.java:335] - Bean 'org.springframework.boot.autoconfigure.jdbc.DataSourceInitializerInvoker' of type [org.springframework.boot.autoconfigure.jdbc.DataSourceInitializerInvoker] is not eligible for getting processed by all BeanPostProcessors (for example: not eligible for auto-proxying)
[SERVER_NAME_IS_UNDEFINED][2020-11-10 13:52:40.147][INFO ][restartedMain][PostProcessorRegistrationDelegate.java:335] - Bean 'sqlSessionFactory' of type [org.apache.ibatis.session.defaults.DefaultSqlSessionFactory] is not eligible for getting processed by all BeanPostProcessors (for example: not eligible for auto-proxying)
[SERVER_NAME_IS_UNDEFINED][2020-11-10 13:52:40.154][INFO ][restartedMain][PostProcessorRegistrationDelegate.java:335] - Bean 'sqlSessionTemplate' of type [org.mybatis.spring.SqlSessionTemplate] is not eligible for getting processed by all BeanPostProcessors (for example: not eligible for auto-proxying)
[SERVER_NAME_IS_UNDEFINED][2020-11-10 13:52:40.156][INFO ][restartedMain][PostProcessorRegistrationDelegate.java:335] - Bean 'permissionMapper' of type [org.mybatis.spring.mapper.MapperFactoryBean] is not eligible for getting processed by all BeanPostProcessors (for example: not eligible for auto-proxying)
[SERVER_NAME_IS_UNDEFINED][2020-11-10 13:52:40.159][INFO ][restartedMain][PostProcessorRegistrationDelegate.java:335] - Bean 'permissionMapper' of type [com.sun.proxy.$Proxy150] is not eligible for getting processed by all BeanPostProcessors (for example: not eligible for auto-proxying)
[SERVER_NAME_IS_UNDEFINED][2020-11-10 13:52:40.162][INFO ][restartedMain][PostProcessorRegistrationDelegate.java:335] - Bean 'shiroService' of type [com.wanjia.infoshopmallmanage.shiro.ShiroService] is not eligible for getting processed by all BeanPostProcessors (for example: not eligible for auto-proxying)
[SERVER_NAME_IS_UNDEFINED][2020-11-10 13:52:40.163][INFO ][restartedMain][PostProcessorRegistrationDelegate.java:335] - Bean 'shiroConfig' of type [com.wanjia.infoshopmallmanage.config.ShiroConfig$$EnhancerBySpringCGLIB$$d66f4b9] is not eligible for getting processed by all BeanPostProcessors (for example: not eligible for auto-proxying)
[SERVER_NAME_IS_UNDEFINED][2020-11-10 13:52:40.179][INFO ][restartedMain][PostProcessorRegistrationDelegate.java:335] - Bean 'roleMapper' of type [org.mybatis.spring.mapper.MapperFactoryBean] is not eligible for getting processed by all BeanPostProcessors (for example: not eligible for auto-proxying)
[SERVER_NAME_IS_UNDEFINED][2020-11-10 13:52:40.181][INFO ][restartedMain][PostProcessorRegistrationDelegate.java:335] - Bean 'roleMapper' of type [com.sun.proxy.$Proxy151] is not eligible for getting processed by all BeanPostProcessors (for example: not eligible for auto-proxying)
[SERVER_NAME_IS_UNDEFINED][2020-11-10 13:52:40.188][INFO ][restartedMain][PostProcessorRegistrationDelegate.java:335] - Bean 'rolePermissionMapper' of type [org.mybatis.spring.mapper.MapperFactoryBean] is not eligible for getting processed by all BeanPostProcessors (for example: not eligible for auto-proxying)
[SERVER_NAME_IS_UNDEFINED][2020-11-10 13:52:40.190][INFO ][restartedMain][PostProcessorRegistrationDelegate.java:335] - Bean 'rolePermissionMapper' of type [com.sun.proxy.$Proxy152] is not eligible for getting processed by all BeanPostProcessors (for example: not eligible for auto-proxying)
[SERVER_NAME_IS_UNDEFINED][2020-11-10 13:52:40.196][INFO ][restartedMain][PostProcessorRegistrationDelegate.java:335] - Bean 'adminMapper' of type [org.mybatis.spring.mapper.MapperFactoryBean] is not eligible for getting processed by all BeanPostProcessors (for example: not eligible for auto-proxying)
[SERVER_NAME_IS_UNDEFINED][2020-11-10 13:52:40.198][INFO ][restartedMain][PostProcessorRegistrationDelegate.java:335] - Bean 'adminMapper' of type [com.sun.proxy.$Proxy153] is not eligible for getting processed by all BeanPostProcessors (for example: not eligible for auto-proxying)
[SERVER_NAME_IS_UNDEFINED][2020-11-10 13:52:40.205][INFO ][restartedMain][PostProcessorRegistrationDelegate.java:335] - Bean 'adminRoleMapper' of type [org.mybatis.spring.mapper.MapperFactoryBean] is not eligible for getting processed by all BeanPostProcessors (for example: not eligible for auto-proxying)
[SERVER_NAME_IS_UNDEFINED][2020-11-10 13:52:40.207][INFO ][restartedMain][PostProcessorRegistrationDelegate.java:335] - Bean 'adminRoleMapper' of type [com.sun.proxy.$Proxy154] is not eligible for getting processed by all BeanPostProcessors (for example: not eligible for auto-proxying)
[SERVER_NAME_IS_UNDEFINED][2020-11-10 13:52:40.209][INFO ][restartedMain][PostProcessorRegistrationDelegate.java:335] - Bean 'permissionService' of type [com.wanjia.infoshopmallmanage.service.PermissionService] is not eligible for getting processed by all BeanPostProcessors (for example: not eligible for auto-proxying)
[SERVER_NAME_IS_UNDEFINED][2020-11-10 13:52:40.211][INFO ][restartedMain][PostProcessorRegistrationDelegate.java:335] - Bean 'realm' of type [com.wanjia.infoshopmallmanage.shiro.CustomRealm] is not eligible for getting processed by all BeanPostProcessors (for example: not eligible for auto-proxying)
[SERVER_NAME_IS_UNDEFINED][2020-11-10 13:52:40.214][INFO ][restartedMain][PostProcessorRegistrationDelegate.java:335] - Bean 'securityManager' of type [org.apache.shiro.web.mgt.DefaultWebSecurityManager] is not eligible for getting processed by all BeanPostProcessors (for example: not eligible for auto-proxying)
[SERVER_NAME_IS_UNDEFINED][2020-11-10 13:52:40.217][INFO ][restartedMain][PostProcessorRegistrationDelegate.java:335] - Bean 'authorizationAttributeSourceAdvisor' of type [org.apache.shiro.spring.security.interceptor.AuthorizationAttributeSourceAdvisor] is not eligible for getting processed by all BeanPostProcessors (for example: not eligible for auto-proxying)
[SERVER_NAME_IS_UNDEFINED][2020-11-10 13:52:40.764][INFO ][restartedMain][TomcatWebServer.java:108] - Tomcat initialized with port(s): 8889 (http)
[SERVER_NAME_IS_UNDEFINED][2020-11-10 13:52:40.767][INFO ][restartedMain][DirectJDKLog.java:173] - Initializing ProtocolHandler ["http-nio-8889"]
[SERVER_NAME_IS_UNDEFINED][2020-11-10 13:52:40.769][INFO ][restartedMain][DirectJDKLog.java:173] - Starting service [Tomcat]
[SERVER_NAME_IS_UNDEFINED][2020-11-10 13:52:40.769][INFO ][restartedMain][DirectJDKLog.java:173] - Starting Servlet engine: [Apache Tomcat/9.0.38]
[SERVER_NAME_IS_UNDEFINED][2020-11-10 13:52:40.884][INFO ][restartedMain][DirectJDKLog.java:173] - Initializing Spring embedded WebApplicationContext
[SERVER_NAME_IS_UNDEFINED][2020-11-10 13:52:40.887][INFO ][restartedMain][ServletWebServerApplicationContext.java:285] - Root WebApplicationContext: initialization completed in 5022 ms
[SERVER_NAME_IS_UNDEFINED][2020-11-10 13:52:42.140][INFO ][restartedMain][ExecutorConfigurationSupport.java:181] - Initializing ExecutorService 'taskScheduler'
[SERVER_NAME_IS_UNDEFINED][2020-11-10 13:52:42.237][INFO ][restartedMain][OptionalLiveReloadServer.java:58] - LiveReload server is running on port 35729
[SERVER_NAME_IS_UNDEFINED][2020-11-10 13:52:42.266][INFO ][restartedMain][DirectJDKLog.java:173] - Starting ProtocolHandler ["http-nio-8889"]
[SERVER_NAME_IS_UNDEFINED][2020-11-10 13:52:42.270][INFO ][restartedMain][TomcatWebServer.java:220] - Tomcat started on port(s): 8889 (http) with context path '/InfoShopMallManage'
[SERVER_NAME_IS_UNDEFINED][2020-11-10 13:52:42.287][INFO ][restartedMain][StartupInfoLogger.java:61] - Started InfoShopMallManageApplication in 6.6 seconds (JVM running for 1624.141)
[SERVER_NAME_IS_UNDEFINED][2020-11-10 13:52:42.293][INFO ][restartedMain][ConditionEvaluationDeltaLoggingListener.java:63] - Condition evaluation unchanged
[SERVER_NAME_IS_UNDEFINED][2020-11-10 13:52:49.921][INFO ][http-nio-8889-exec-2][DirectJDKLog.java:173] - Initializing Spring DispatcherServlet 'dispatcherServlet'
[SERVER_NAME_IS_UNDEFINED][2020-11-10 13:52:49.923][INFO ][http-nio-8889-exec-2][FrameworkServlet.java:525] - Initializing Servlet 'dispatcherServlet'
[SERVER_NAME_IS_UNDEFINED][2020-11-10 13:52:49.939][INFO ][http-nio-8889-exec-2][FrameworkServlet.java:547] - Completed initialization in 16 ms
[SERVER_NAME_IS_UNDEFINED][2020-11-10 13:52:50.033][INFO ][http-nio-8889-exec-2][FileuploadUtil.java:262] -  >>> 文件上传入口... <<< 
[SERVER_NAME_IS_UNDEFINED][2020-11-10 13:53:35.362][INFO ][http-nio-8889-exec-3][FileuploadUtil.java:262] -  >>> 文件上传入口... <<< 
[SERVER_NAME_IS_UNDEFINED][2020-11-10 13:54:40.763][INFO ][http-nio-8889-exec-6][FileuploadUtil.java:262] -  >>> 文件上传入口... <<< 
[SERVER_NAME_IS_UNDEFINED][2020-11-10 13:55:48.674][INFO ][http-nio-8889-exec-9][FileuploadUtil.java:262] -  >>> 文件上传入口... <<< 
[SERVER_NAME_IS_UNDEFINED][2020-11-10 15:26:02.179][INFO ][Thread-14][ExecutorConfigurationSupport.java:218] - Shutting down ExecutorService 'taskScheduler'
[SERVER_NAME_IS_UNDEFINED][2020-11-10 15:26:02.199][INFO ][Thread-14][DruidDataSource.java:1885] - {dataSource-3} closing ...
[SERVER_NAME_IS_UNDEFINED][2020-11-10 15:26:02.203][INFO ][Thread-14][DruidDataSource.java:1955] - {dataSource-3} closed
[SERVER_NAME_IS_UNDEFINED][2020-11-10 15:26:02.834][INFO ][restartedMain][StartupInfoLogger.java:55] - Starting InfoShopMallManageApplication on DESKTOP-HBE7P88 with PID 12432 (D:\svn\管理端\target\classes started by 吉俊海 in D:\svn\管理端)
[SERVER_NAME_IS_UNDEFINED][2020-11-10 15:26:02.837][INFO ][restartedMain][SpringApplication.java:651] - No active profile set, falling back to default profiles: default
[SERVER_NAME_IS_UNDEFINED][2020-11-10 15:26:03.831][INFO ][restartedMain][RepositoryConfigurationDelegate.java:249] - Multiple Spring Data modules found, entering strict repository configuration mode!
[SERVER_NAME_IS_UNDEFINED][2020-11-10 15:26:03.831][INFO ][restartedMain][RepositoryConfigurationDelegate.java:127] - Bootstrapping Spring Data Redis repositories in DEFAULT mode.
[SERVER_NAME_IS_UNDEFINED][2020-11-10 15:26:03.983][INFO ][restartedMain][RepositoryConfigurationDelegate.java:187] - Finished Spring Data repository scanning in 150ms. Found 0 Redis repository interfaces.
[SERVER_NAME_IS_UNDEFINED][2020-11-10 15:26:04.440][INFO ][restartedMain][PostProcessorRegistrationDelegate.java:335] - Bean 'mybatis-org.mybatis.spring.boot.autoconfigure.MybatisProperties' of type [org.mybatis.spring.boot.autoconfigure.MybatisProperties] is not eligible for getting processed by all BeanPostProcessors (for example: not eligible for auto-proxying)
[SERVER_NAME_IS_UNDEFINED][2020-11-10 15:26:04.450][INFO ][restartedMain][PostProcessorRegistrationDelegate.java:335] - Bean 'org.mybatis.spring.boot.autoconfigure.MybatisAutoConfiguration' of type [org.mybatis.spring.boot.autoconfigure.MybatisAutoConfiguration$$EnhancerBySpringCGLIB$$601080af] is not eligible for getting processed by all BeanPostProcessors (for example: not eligible for auto-proxying)
[SERVER_NAME_IS_UNDEFINED][2020-11-10 15:26:04.460][INFO ][restartedMain][PostProcessorRegistrationDelegate.java:335] - Bean 'com.alibaba.druid.spring.boot.autoconfigure.DruidDataSourceAutoConfigure' of type [com.alibaba.druid.spring.boot.autoconfigure.DruidDataSourceAutoConfigure$$EnhancerBySpringCGLIB$$46e824f1] is not eligible for getting processed by all BeanPostProcessors (for example: not eligible for auto-proxying)
[SERVER_NAME_IS_UNDEFINED][2020-11-10 15:26:04.464][INFO ][restartedMain][DruidDataSourceAutoConfigure.java:56] - Init DruidDataSource
[SERVER_NAME_IS_UNDEFINED][2020-11-10 15:26:04.502][INFO ][restartedMain][PostProcessorRegistrationDelegate.java:335] - Bean 'spring.datasource-org.springframework.boot.autoconfigure.jdbc.DataSourceProperties' of type [org.springframework.boot.autoconfigure.jdbc.DataSourceProperties] is not eligible for getting processed by all BeanPostProcessors (for example: not eligible for auto-proxying)
[SERVER_NAME_IS_UNDEFINED][2020-11-10 15:26:04.526][INFO ][restartedMain][PostProcessorRegistrationDelegate.java:335] - Bean 'com.alibaba.druid.spring.boot.autoconfigure.stat.DruidFilterConfiguration' of type [com.alibaba.druid.spring.boot.autoconfigure.stat.DruidFilterConfiguration] is not eligible for getting processed by all BeanPostProcessors (for example: not eligible for auto-proxying)
[SERVER_NAME_IS_UNDEFINED][2020-11-10 15:26:04.558][INFO ][restartedMain][PostProcessorRegistrationDelegate.java:335] - Bean 'statFilter' of type [com.alibaba.druid.filter.stat.StatFilter] is not eligible for getting processed by all BeanPostProcessors (for example: not eligible for auto-proxying)
[SERVER_NAME_IS_UNDEFINED][2020-11-10 15:26:07.096][INFO ][restartedMain][DruidDataSource.java:1002] - {dataSource-4} inited
[SERVER_NAME_IS_UNDEFINED][2020-11-10 15:26:07.096][INFO ][restartedMain][PostProcessorRegistrationDelegate.java:335] - Bean 'dataSource' of type [com.alibaba.druid.spring.boot.autoconfigure.DruidDataSourceWrapper] is not eligible for getting processed by all BeanPostProcessors (for example: not eligible for auto-proxying)
[SERVER_NAME_IS_UNDEFINED][2020-11-10 15:26:07.114][INFO ][restartedMain][PostProcessorRegistrationDelegate.java:335] - Bean 'org.springframework.boot.autoconfigure.jdbc.DataSourceInitializerInvoker' of type [org.springframework.boot.autoconfigure.jdbc.DataSourceInitializerInvoker] is not eligible for getting processed by all BeanPostProcessors (for example: not eligible for auto-proxying)
[SERVER_NAME_IS_UNDEFINED][2020-11-10 15:26:08.010][INFO ][restartedMain][PostProcessorRegistrationDelegate.java:335] - Bean 'sqlSessionFactory' of type [org.apache.ibatis.session.defaults.DefaultSqlSessionFactory] is not eligible for getting processed by all BeanPostProcessors (for example: not eligible for auto-proxying)
[SERVER_NAME_IS_UNDEFINED][2020-11-10 15:26:08.031][INFO ][restartedMain][PostProcessorRegistrationDelegate.java:335] - Bean 'sqlSessionTemplate' of type [org.mybatis.spring.SqlSessionTemplate] is not eligible for getting processed by all BeanPostProcessors (for example: not eligible for auto-proxying)
[SERVER_NAME_IS_UNDEFINED][2020-11-10 15:26:08.036][INFO ][restartedMain][PostProcessorRegistrationDelegate.java:335] - Bean 'permissionMapper' of type [org.mybatis.spring.mapper.MapperFactoryBean] is not eligible for getting processed by all BeanPostProcessors (for example: not eligible for auto-proxying)
[SERVER_NAME_IS_UNDEFINED][2020-11-10 15:26:08.043][INFO ][restartedMain][PostProcessorRegistrationDelegate.java:335] - Bean 'permissionMapper' of type [com.sun.proxy.$Proxy176] is not eligible for getting processed by all BeanPostProcessors (for example: not eligible for auto-proxying)
[SERVER_NAME_IS_UNDEFINED][2020-11-10 15:26:08.047][INFO ][restartedMain][PostProcessorRegistrationDelegate.java:335] - Bean 'shiroService' of type [com.wanjia.infoshopmallmanage.shiro.ShiroService] is not eligible for getting processed by all BeanPostProcessors (for example: not eligible for auto-proxying)
[SERVER_NAME_IS_UNDEFINED][2020-11-10 15:26:08.050][INFO ][restartedMain][PostProcessorRegistrationDelegate.java:335] - Bean 'shiroConfig' of type [com.wanjia.infoshopmallmanage.config.ShiroConfig$$EnhancerBySpringCGLIB$$d66f4b9] is not eligible for getting processed by all BeanPostProcessors (for example: not eligible for auto-proxying)
[SERVER_NAME_IS_UNDEFINED][2020-11-10 15:26:08.085][INFO ][restartedMain][PostProcessorRegistrationDelegate.java:335] - Bean 'roleMapper' of type [org.mybatis.spring.mapper.MapperFactoryBean] is not eligible for getting processed by all BeanPostProcessors (for example: not eligible for auto-proxying)
[SERVER_NAME_IS_UNDEFINED][2020-11-10 15:26:08.091][INFO ][restartedMain][PostProcessorRegistrationDelegate.java:335] - Bean 'roleMapper' of type [com.sun.proxy.$Proxy177] is not eligible for getting processed by all BeanPostProcessors (for example: not eligible for auto-proxying)
[SERVER_NAME_IS_UNDEFINED][2020-11-10 15:26:08.105][INFO ][restartedMain][PostProcessorRegistrationDelegate.java:335] - Bean 'rolePermissionMapper' of type [org.mybatis.spring.mapper.MapperFactoryBean] is not eligible for getting processed by all BeanPostProcessors (for example: not eligible for auto-proxying)
[SERVER_NAME_IS_UNDEFINED][2020-11-10 15:26:08.110][INFO ][restartedMain][PostProcessorRegistrationDelegate.java:335] - Bean 'rolePermissionMapper' of type [com.sun.proxy.$Proxy178] is not eligible for getting processed by all BeanPostProcessors (for example: not eligible for auto-proxying)
[SERVER_NAME_IS_UNDEFINED][2020-11-10 15:26:08.118][INFO ][restartedMain][PostProcessorRegistrationDelegate.java:335] - Bean 'adminMapper' of type [org.mybatis.spring.mapper.MapperFactoryBean] is not eligible for getting processed by all BeanPostProcessors (for example: not eligible for auto-proxying)
[SERVER_NAME_IS_UNDEFINED][2020-11-10 15:26:08.126][INFO ][restartedMain][PostProcessorRegistrationDelegate.java:335] - Bean 'adminMapper' of type [com.sun.proxy.$Proxy179] is not eligible for getting processed by all BeanPostProcessors (for example: not eligible for auto-proxying)
[SERVER_NAME_IS_UNDEFINED][2020-11-10 15:26:08.142][INFO ][restartedMain][PostProcessorRegistrationDelegate.java:335] - Bean 'adminRoleMapper' of type [org.mybatis.spring.mapper.MapperFactoryBean] is not eligible for getting processed by all BeanPostProcessors (for example: not eligible for auto-proxying)
[SERVER_NAME_IS_UNDEFINED][2020-11-10 15:26:08.147][INFO ][restartedMain][PostProcessorRegistrationDelegate.java:335] - Bean 'adminRoleMapper' of type [com.sun.proxy.$Proxy180] is not eligible for getting processed by all BeanPostProcessors (for example: not eligible for auto-proxying)
[SERVER_NAME_IS_UNDEFINED][2020-11-10 15:26:08.152][INFO ][restartedMain][PostProcessorRegistrationDelegate.java:335] - Bean 'permissionService' of type [com.wanjia.infoshopmallmanage.service.PermissionService] is not eligible for getting processed by all BeanPostProcessors (for example: not eligible for auto-proxying)
[SERVER_NAME_IS_UNDEFINED][2020-11-10 15:26:08.160][INFO ][restartedMain][PostProcessorRegistrationDelegate.java:335] - Bean 'realm' of type [com.wanjia.infoshopmallmanage.shiro.CustomRealm] is not eligible for getting processed by all BeanPostProcessors (for example: not eligible for auto-proxying)
[SERVER_NAME_IS_UNDEFINED][2020-11-10 15:26:08.176][INFO ][restartedMain][PostProcessorRegistrationDelegate.java:335] - Bean 'securityManager' of type [org.apache.shiro.web.mgt.DefaultWebSecurityManager] is not eligible for getting processed by all BeanPostProcessors (for example: not eligible for auto-proxying)
[SERVER_NAME_IS_UNDEFINED][2020-11-10 15:26:08.183][INFO ][restartedMain][PostProcessorRegistrationDelegate.java:335] - Bean 'authorizationAttributeSourceAdvisor' of type [org.apache.shiro.spring.security.interceptor.AuthorizationAttributeSourceAdvisor] is not eligible for getting processed by all BeanPostProcessors (for example: not eligible for auto-proxying)
[SERVER_NAME_IS_UNDEFINED][2020-11-10 15:26:08.767][INFO ][restartedMain][TomcatWebServer.java:108] - Tomcat initialized with port(s): 8889 (http)
[SERVER_NAME_IS_UNDEFINED][2020-11-10 15:26:08.772][INFO ][restartedMain][DirectJDKLog.java:173] - Initializing ProtocolHandler ["http-nio-8889"]
[SERVER_NAME_IS_UNDEFINED][2020-11-10 15:26:08.775][INFO ][restartedMain][DirectJDKLog.java:173] - Starting service [Tomcat]
[SERVER_NAME_IS_UNDEFINED][2020-11-10 15:26:08.775][INFO ][restartedMain][DirectJDKLog.java:173] - Starting Servlet engine: [Apache Tomcat/9.0.38]
[SERVER_NAME_IS_UNDEFINED][2020-11-10 15:26:08.906][INFO ][restartedMain][DirectJDKLog.java:173] - Initializing Spring embedded WebApplicationContext
[SERVER_NAME_IS_UNDEFINED][2020-11-10 15:26:08.907][INFO ][restartedMain][ServletWebServerApplicationContext.java:285] - Root WebApplicationContext: initialization completed in 6057 ms
[SERVER_NAME_IS_UNDEFINED][2020-11-10 15:26:10.647][INFO ][restartedMain][ExecutorConfigurationSupport.java:181] - Initializing ExecutorService 'taskScheduler'
[SERVER_NAME_IS_UNDEFINED][2020-11-10 15:26:10.904][INFO ][restartedMain][OptionalLiveReloadServer.java:58] - LiveReload server is running on port 35729
[SERVER_NAME_IS_UNDEFINED][2020-11-10 15:26:11.047][INFO ][restartedMain][DirectJDKLog.java:173] - Starting ProtocolHandler ["http-nio-8889"]
[SERVER_NAME_IS_UNDEFINED][2020-11-10 15:26:11.054][INFO ][restartedMain][TomcatWebServer.java:220] - Tomcat started on port(s): 8889 (http) with context path '/InfoShopMallManage'
[SERVER_NAME_IS_UNDEFINED][2020-11-10 15:26:11.101][INFO ][restartedMain][StartupInfoLogger.java:61] - Started InfoShopMallManageApplication in 8.463 seconds (JVM running for 7232.955)
[SERVER_NAME_IS_UNDEFINED][2020-11-10 15:26:11.173][INFO ][restartedMain][ConditionEvaluationDeltaLoggingListener.java:63] - Condition evaluation unchanged
[SERVER_NAME_IS_UNDEFINED][2020-11-10 15:29:19.774][INFO ][http-nio-8889-exec-2][DirectJDKLog.java:173] - Initializing Spring DispatcherServlet 'dispatcherServlet'
[SERVER_NAME_IS_UNDEFINED][2020-11-10 15:29:19.775][INFO ][http-nio-8889-exec-2][FrameworkServlet.java:525] - Initializing Servlet 'dispatcherServlet'
[SERVER_NAME_IS_UNDEFINED][2020-11-10 15:29:19.793][INFO ][http-nio-8889-exec-2][FrameworkServlet.java:547] - Completed initialization in 18 ms
[SERVER_NAME_IS_UNDEFINED][2020-11-10 15:30:34.836][INFO ][http-nio-8889-exec-5][JPushService.java:137] - pushPayload={"platform":["android"],"audience":"all","notification":{"android":{"alert":"消息通知","extras":{"androidNotification extras key":"附件"},"title":"消息通知"}},"message":{"title":"这是一个标题","msg_content":"这是一条信息","extras":{"message extras key":"附件"}},"options":{"sendno":1,"time_to_live":86400,"apns_production":false}}
